<?xml version="1.0" encoding="UTF-8"?>
<coverage generated="1669920790203" clover="3.2.0">
  <project timestamp="1669920790203" name="All files">
    <metrics statements="160" coveredstatements="158" conditionals="67" coveredconditionals="65" methods="29" coveredmethods="28" elements="256" coveredelements="251" complexity="0" loc="160" ncloc="160" packages="4" files="7" classes="7"/>
    <package name="CsvBuilder">
      <metrics statements="77" coveredstatements="77" conditionals="48" coveredconditionals="48" methods="16" coveredmethods="16"/>
      <file name="CsvBuilder.ts" path="/Users/lucasirvine/projects/csv-builder-downloader/src/CsvBuilder/CsvBuilder.ts">
        <metrics statements="75" coveredstatements="75" conditionals="48" coveredconditionals="48" methods="16" coveredmethods="16"/>
        <line num="1" count="1" type="stmt"/>
        <line num="2" count="1" type="stmt"/>
        <line num="16" count="1" type="stmt"/>
        <line num="18" count="1" type="stmt"/>
        <line num="39" count="33" type="cond" truecount="2" falsecount="0"/>
        <line num="40" count="33" type="cond" truecount="2" falsecount="0"/>
        <line num="41" count="33" type="cond" truecount="2" falsecount="0"/>
        <line num="42" count="33" type="cond" truecount="2" falsecount="0"/>
        <line num="43" count="33" type="cond" truecount="2" falsecount="0"/>
        <line num="44" count="33" type="cond" truecount="2" falsecount="0"/>
        <line num="45" count="33" type="cond" truecount="2" falsecount="0"/>
        <line num="46" count="33" type="cond" truecount="2" falsecount="0"/>
        <line num="47" count="264" type="stmt"/>
        <line num="49" count="33" type="stmt"/>
        <line num="50" count="33" type="stmt"/>
        <line num="51" count="33" type="stmt"/>
        <line num="52" count="33" type="stmt"/>
        <line num="53" count="33" type="stmt"/>
        <line num="54" count="33" type="stmt"/>
        <line num="55" count="33" type="stmt"/>
        <line num="56" count="33" type="stmt"/>
        <line num="59" count="1" type="stmt"/>
        <line num="60" count="3" type="cond" truecount="6" falsecount="0"/>
        <line num="63" count="1" type="stmt"/>
        <line num="64" count="41" type="cond" truecount="1" falsecount="0"/>
        <line num="65" count="1" type="stmt"/>
        <line num="68" count="40" type="stmt"/>
        <line num="71" count="1" type="stmt"/>
        <line num="72" count="22" type="stmt"/>
        <line num="73" count="22" type="cond" truecount="2" falsecount="0"/>
        <line num="76" count="9" type="cond" truecount="1" falsecount="0"/>
        <line num="77" count="5" type="cond" truecount="2" falsecount="0"/>
        <line num="79" count="5" type="stmt"/>
        <line num="81" count="5" type="stmt"/>
        <line num="84" count="1" type="stmt"/>
        <line num="85" count="6" type="cond" truecount="1" falsecount="0"/>
        <line num="86" count="1" type="stmt"/>
        <line num="89" count="6" type="cond" truecount="1" falsecount="0"/>
        <line num="90" count="4" type="stmt"/>
        <line num="93" count="6" type="stmt"/>
        <line num="96" count="3" type="stmt"/>
        <line num="97" count="6" type="cond" truecount="2" falsecount="0"/>
        <line num="99" count="3" type="stmt"/>
        <line num="102" count="7" type="stmt"/>
        <line num="103" count="7" type="cond" truecount="1" falsecount="0"/>
        <line num="104" count="1" type="stmt"/>
        <line num="107" count="6" type="cond" truecount="3" falsecount="0"/>
        <line num="108" count="6" type="stmt"/>
        <line num="109" count="39" type="cond" truecount="2" falsecount="0"/>
        <line num="113" count="6" type="stmt"/>
        <line num="116" count="18" type="cond" truecount="1" falsecount="0"/>
        <line num="117" count="10" type="cond" truecount="3" falsecount="0"/>
        <line num="118" count="2" type="stmt"/>
        <line num="121" count="8" type="stmt"/>
        <line num="122" count="8" type="stmt"/>
        <line num="125" count="8" type="stmt"/>
        <line num="128" count="2" type="stmt"/>
        <line num="129" count="2" type="cond" truecount="1" falsecount="0"/>
        <line num="130" count="1" type="stmt"/>
        <line num="133" count="2" type="cond" truecount="1" falsecount="0"/>
        <line num="134" count="1" type="stmt"/>
        <line num="137" count="2" type="cond" truecount="3" falsecount="0"/>
        <line num="138" count="1" type="stmt"/>
        <line num="141" count="2" type="stmt"/>
        <line num="143" count="2" type="stmt"/>
        <line num="146" count="1" type="stmt"/>
        <line num="147" count="2" type="stmt"/>
        <line num="150" count="1" type="stmt"/>
        <line num="151" count="2" type="cond" truecount="1" falsecount="0"/>
        <line num="152" count="1" type="stmt"/>
        <line num="155" count="1" type="stmt"/>
        <line num="158" count="1" type="stmt"/>
        <line num="159" count="1" type="stmt"/>
        <line num="161" count="1" type="stmt"/>
        <line num="163" count="1" type="stmt"/>
      </file>
      <file name="index.ts" path="/Users/lucasirvine/projects/csv-builder-downloader/src/CsvBuilder/index.ts">
        <metrics statements="2" coveredstatements="2" conditionals="0" coveredconditionals="0" methods="0" coveredmethods="0"/>
        <line num="1" count="1" type="stmt"/>
        <line num="3" count="1" type="stmt"/>
      </file>
    </package>
    <package name="CsvDownloader">
      <metrics statements="27" coveredstatements="25" conditionals="7" coveredconditionals="5" methods="5" coveredmethods="5"/>
      <file name="CsvDownloader.ts" path="/Users/lucasirvine/projects/csv-builder-downloader/src/CsvDownloader/CsvDownloader.ts">
        <metrics statements="25" coveredstatements="23" conditionals="7" coveredconditionals="5" methods="5" coveredmethods="5"/>
        <line num="6" count="2" type="stmt"/>
        <line num="11" count="6" type="stmt"/>
        <line num="12" count="6" type="stmt"/>
        <line num="15" count="2" type="stmt"/>
        <line num="16" count="6" type="stmt"/>
        <line num="19" count="2" type="stmt"/>
        <line num="20" count="4" type="cond" truecount="4" falsecount="1"/>
        <line num="21" count="4" type="stmt"/>
        <line num="24" count="0" type="stmt"/>
        <line num="27" count="2" type="stmt"/>
        <line num="29" count="2" type="stmt"/>
        <line num="31" count="2" type="cond" truecount="1" falsecount="0"/>
        <line num="32" count="1" type="stmt"/>
        <line num="34" count="1" type="stmt"/>
        <line num="38" count="1" type="stmt"/>
        <line num="39" count="1" type="stmt"/>
        <line num="41" count="1" type="stmt"/>
        <line num="42" count="1" type="stmt"/>
        <line num="43" count="1" type="stmt"/>
        <line num="45" count="1" type="cond" truecount="0" falsecount="1"/>
        <line num="46" count="0" type="stmt"/>
        <line num="49" count="1" type="stmt"/>
        <line num="50" count="1" type="stmt"/>
        <line num="51" count="1" type="stmt"/>
        <line num="53" count="2" type="stmt"/>
      </file>
      <file name="index.ts" path="/Users/lucasirvine/projects/csv-builder-downloader/src/CsvDownloader/index.ts">
        <metrics statements="2" coveredstatements="2" conditionals="0" coveredconditionals="0" methods="0" coveredmethods="0"/>
        <line num="1" count="1" type="stmt"/>
        <line num="3" count="1" type="stmt"/>
      </file>
    </package>
    <package name="constants">
      <metrics statements="42" coveredstatements="42" conditionals="0" coveredconditionals="0" methods="1" coveredmethods="0"/>
      <file name="index.ts" path="/Users/lucasirvine/projects/csv-builder-downloader/src/constants/index.ts">
        <metrics statements="20" coveredstatements="20" conditionals="0" coveredconditionals="0" methods="0" coveredmethods="0"/>
        <line num="7" count="3" type="stmt"/>
        <line num="10" count="3" type="stmt"/>
        <line num="11" count="3" type="stmt"/>
        <line num="14" count="3" type="stmt"/>
        <line num="15" count="3" type="stmt"/>
        <line num="16" count="3" type="stmt"/>
        <line num="17" count="3" type="stmt"/>
        <line num="18" count="3" type="stmt"/>
        <line num="19" count="3" type="stmt"/>
        <line num="20" count="3" type="stmt"/>
        <line num="21" count="3" type="stmt"/>
        <line num="24" count="3" type="stmt"/>
        <line num="25" count="3" type="stmt"/>
        <line num="26" count="3" type="stmt"/>
        <line num="29" count="3" type="stmt"/>
        <line num="30" count="3" type="stmt"/>
        <line num="31" count="3" type="stmt"/>
        <line num="32" count="3" type="stmt"/>
        <line num="33" count="3" type="stmt"/>
        <line num="34" count="3" type="stmt"/>
      </file>
      <file name="testing.ts" path="/Users/lucasirvine/projects/csv-builder-downloader/src/constants/testing.ts">
        <metrics statements="22" coveredstatements="22" conditionals="0" coveredconditionals="0" methods="1" coveredmethods="0"/>
        <line num="1" count="3" type="stmt"/>
        <line num="12" count="3" type="stmt"/>
        <line num="15" count="3" type="stmt"/>
        <line num="16" count="3" type="stmt"/>
        <line num="17" count="3" type="stmt"/>
        <line num="18" count="3" type="stmt"/>
        <line num="19" count="3" type="stmt"/>
        <line num="20" count="3" type="stmt"/>
        <line num="21" count="3" type="stmt"/>
        <line num="22" count="3" type="stmt"/>
        <line num="23" count="3" type="stmt"/>
        <line num="24" count="3" type="stmt"/>
        <line num="25" count="3" type="stmt"/>
        <line num="26" count="3" type="stmt"/>
        <line num="27" count="3" type="stmt"/>
        <line num="28" count="3" type="stmt"/>
        <line num="29" count="3" type="stmt"/>
        <line num="30" count="3" type="stmt"/>
        <line num="31" count="3" type="stmt"/>
        <line num="32" count="3" type="stmt"/>
        <line num="33" count="3" type="stmt"/>
        <line num="43" count="3" type="stmt"/>
      </file>
    </package>
    <package name="utils">
      <metrics statements="14" coveredstatements="14" conditionals="12" coveredconditionals="12" methods="7" coveredmethods="7"/>
      <file name="index.ts" path="/Users/lucasirvine/projects/csv-builder-downloader/src/utils/index.ts">
        <metrics statements="14" coveredstatements="14" conditionals="12" coveredconditionals="12" methods="7" coveredmethods="7"/>
        <line num="3" count="2" type="stmt"/>
        <line num="4" count="8" type="cond" truecount="2" falsecount="0"/>
        <line num="7" count="2" type="stmt"/>
        <line num="8" count="16" type="cond" truecount="2" falsecount="0"/>
        <line num="11" count="2" type="stmt"/>
        <line num="12" count="17" type="cond" truecount="2" falsecount="0"/>
        <line num="15" count="2" type="stmt"/>
        <line num="16" count="8" type="cond" truecount="2" falsecount="0"/>
        <line num="19" count="2" type="stmt"/>
        <line num="20" count="29" type="cond" truecount="2" falsecount="0"/>
        <line num="23" count="2" type="stmt"/>
        <line num="24" count="8" type="cond" truecount="2" falsecount="0"/>
        <line num="27" count="2" type="stmt"/>
        <line num="28" count="15" type="stmt"/>
      </file>
    </package>
  </project>
</coverage>
