{"/Users/lucasirvine/projects/csv-builder-downloader/src/CsvBuilder/CsvBuilder.ts": {"path":"/Users/lucasirvine/projects/csv-builder-downloader/src/CsvBuilder/CsvBuilder.ts","statementMap":{"0":{"start":{"line":1,"column":0},"end":{"line":1,"column":45}},"1":{"start":{"line":2,"column":0},"end":{"line":2,"column":null}},"2":{"start":{"line":16,"column":0},"end":{"line":16,"column":55}},"3":{"start":{"line":18,"column":0},"end":{"line":18,"column":null}},"4":{"start":{"line":47,"column":8},"end":{"line":47,"column":19}},"5":{"start":{"line":39,"column":18},"end":{"line":39,"column":null}},"6":{"start":{"line":40,"column":10},"end":{"line":40,"column":null}},"7":{"start":{"line":41,"column":16},"end":{"line":41,"column":null}},"8":{"start":{"line":42,"column":14},"end":{"line":42,"column":null}},"9":{"start":{"line":43,"column":22},"end":{"line":43,"column":null}},"10":{"start":{"line":44,"column":21},"end":{"line":44,"column":null}},"11":{"start":{"line":45,"column":19},"end":{"line":45,"column":null}},"12":{"start":{"line":46,"column":20},"end":{"line":46,"column":null}},"13":{"start":{"line":49,"column":4},"end":{"line":49,"column":37}},"14":{"start":{"line":50,"column":4},"end":{"line":50,"column":21}},"15":{"start":{"line":51,"column":4},"end":{"line":51,"column":33}},"16":{"start":{"line":52,"column":4},"end":{"line":52,"column":29}},"17":{"start":{"line":53,"column":4},"end":{"line":53,"column":45}},"18":{"start":{"line":54,"column":4},"end":{"line":54,"column":43}},"19":{"start":{"line":55,"column":4},"end":{"line":55,"column":39}},"20":{"start":{"line":56,"column":4},"end":{"line":56,"column":41}},"21":{"start":{"line":59,"column":9},"end":{"line":61,"column":null}},"22":{"start":{"line":60,"column":4},"end":{"line":60,"column":85}},"23":{"start":{"line":63,"column":2},"end":{"line":69,"column":null}},"24":{"start":{"line":64,"column":4},"end":{"line":66,"column":null}},"25":{"start":{"line":65,"column":6},"end":{"line":65,"column":53}},"26":{"start":{"line":68,"column":4},"end":{"line":68,"column":68}},"27":{"start":{"line":71,"column":2},"end":{"line":74,"column":null}},"28":{"start":{"line":72,"column":4},"end":{"line":72,"column":21}},"29":{"start":{"line":73,"column":4},"end":{"line":73,"column":33}},"30":{"start":{"line":76,"column":2},"end":{"line":82,"column":null}},"31":{"start":{"line":76,"column":23},"end":{"line":76,"column":null}},"32":{"start":{"line":77,"column":18},"end":{"line":77,"column":66}},"33":{"start":{"line":79,"column":4},"end":{"line":79,"column":29}},"34":{"start":{"line":81,"column":4},"end":{"line":81,"column":16}},"35":{"start":{"line":84,"column":2},"end":{"line":94,"column":null}},"36":{"start":{"line":85,"column":4},"end":{"line":87,"column":null}},"37":{"start":{"line":86,"column":6},"end":{"line":86,"column":45}},"38":{"start":{"line":89,"column":4},"end":{"line":91,"column":null}},"39":{"start":{"line":90,"column":6},"end":{"line":90,"column":62}},"40":{"start":{"line":93,"column":4},"end":{"line":93,"column":16}},"41":{"start":{"line":96,"column":2},"end":{"line":100,"column":null}},"42":{"start":{"line":96,"column":2},"end":{"line":96,"column":9}},"43":{"start":{"line":97,"column":4},"end":{"line":97,"column":61}},"44":{"start":{"line":97,"column":43},"end":{"line":97,"column":60}},"45":{"start":{"line":99,"column":4},"end":{"line":99,"column":16}},"46":{"start":{"line":102,"column":2},"end":{"line":114,"column":null}},"47":{"start":{"line":102,"column":2},"end":{"line":102,"column":13}},"48":{"start":{"line":103,"column":4},"end":{"line":105,"column":null}},"49":{"start":{"line":104,"column":6},"end":{"line":104,"column":13}},"50":{"start":{"line":107,"column":4},"end":{"line":111,"column":null}},"51":{"start":{"line":108,"column":6},"end":{"line":110,"column":9}},"52":{"start":{"line":109,"column":8},"end":{"line":109,"column":102}},"53":{"start":{"line":113,"column":4},"end":{"line":113,"column":50}},"54":{"start":{"line":116,"column":2},"end":{"line":126,"column":null}},"55":{"start":{"line":116,"column":13},"end":{"line":116,"column":null}},"56":{"start":{"line":117,"column":4},"end":{"line":119,"column":null}},"57":{"start":{"line":118,"column":6},"end":{"line":118,"column":18}},"58":{"start":{"line":121,"column":4},"end":{"line":123,"column":null}},"59":{"start":{"line":122,"column":6},"end":{"line":122,"column":34}},"60":{"start":{"line":125,"column":4},"end":{"line":125,"column":16}},"61":{"start":{"line":128,"column":2},"end":{"line":144,"column":null}},"62":{"start":{"line":128,"column":20},"end":{"line":128,"column":22}},"63":{"start":{"line":128,"column":29},"end":{"line":128,"column":31}},"64":{"start":{"line":128,"column":35},"end":{"line":128,"column":37}},"65":{"start":{"line":128,"column":45},"end":{"line":128,"column":61}},"66":{"start":{"line":129,"column":4},"end":{"line":131,"column":null}},"67":{"start":{"line":130,"column":6},"end":{"line":130,"column":25}},"68":{"start":{"line":133,"column":4},"end":{"line":135,"column":null}},"69":{"start":{"line":134,"column":6},"end":{"line":134,"column":33}},"70":{"start":{"line":137,"column":4},"end":{"line":139,"column":null}},"71":{"start":{"line":138,"column":6},"end":{"line":138,"column":25}},"72":{"start":{"line":141,"column":4},"end":{"line":141,"column":30}},"73":{"start":{"line":143,"column":4},"end":{"line":143,"column":16}},"74":{"start":{"line":146,"column":2},"end":{"line":148,"column":null}},"75":{"start":{"line":147,"column":4},"end":{"line":147,"column":57}},"76":{"start":{"line":150,"column":2},"end":{"line":156,"column":null}},"77":{"start":{"line":151,"column":4},"end":{"line":153,"column":null}},"78":{"start":{"line":152,"column":6},"end":{"line":152,"column":74}},"79":{"start":{"line":155,"column":4},"end":{"line":155,"column":48}},"80":{"start":{"line":158,"column":2},"end":{"line":162,"column":null}},"81":{"start":{"line":159,"column":4},"end":{"line":159,"column":76}},"82":{"start":{"line":161,"column":4},"end":{"line":161,"column":16}},"83":{"start":{"line":163,"column":0},"end":{"line":163,"column":null}}},"fnMap":{"0":{"name":"(anonymous_0)","decl":{"start":{"line":18,"column":0},"end":{"line":18,"column":null}},"loc":{"start":{"line":18,"column":0},"end":{"line":163,"column":null}}},"1":{"name":"CsvBuilder","decl":{"start":{"line":28,"column":2},"end":{"line":28,"column":14}},"loc":{"start":{"line":37,"column":3},"end":{"line":57,"column":3}}},"2":{"name":"(anonymous_2)","decl":{"start":{"line":59,"column":2},"end":{"line":59,"column":9}},"loc":{"start":{"line":59,"column":33},"end":{"line":61,"column":3}}},"3":{"name":"(anonymous_3)","decl":{"start":{"line":63,"column":2},"end":{"line":63,"column":10}},"loc":{"start":{"line":63,"column":46},"end":{"line":69,"column":3}}},"4":{"name":"(anonymous_4)","decl":{"start":{"line":71,"column":2},"end":{"line":71,"column":14}},"loc":{"start":{"line":71,"column":48},"end":{"line":74,"column":3}}},"5":{"name":"(anonymous_5)","decl":{"start":{"line":76,"column":2},"end":{"line":76,"column":9}},"loc":{"start":{"line":76,"column":62},"end":{"line":82,"column":3}}},"6":{"name":"(anonymous_6)","decl":{"start":{"line":84,"column":2},"end":{"line":84,"column":8}},"loc":{"start":{"line":84,"column":66},"end":{"line":94,"column":3}}},"7":{"name":"(anonymous_7)","decl":{"start":{"line":96,"column":2},"end":{"line":96,"column":9}},"loc":{"start":{"line":96,"column":32},"end":{"line":100,"column":3}}},"8":{"name":"(anonymous_8)","decl":{"start":{"line":97,"column":34},"end":{"line":97,"column":35}},"loc":{"start":{"line":97,"column":38},"end":{"line":97,"column":47}}},"9":{"name":"(anonymous_9)","decl":{"start":{"line":102,"column":2},"end":{"line":102,"column":13}},"loc":{"start":{"line":102,"column":64},"end":{"line":114,"column":3}}},"10":{"name":"(anonymous_10)","decl":{"start":{"line":108,"column":30},"end":{"line":108,"column":31}},"loc":{"start":{"line":108,"column":57},"end":{"line":110,"column":7}}},"11":{"name":"(anonymous_11)","decl":{"start":{"line":116,"column":2},"end":{"line":116,"column":12}},"loc":{"start":{"line":116,"column":30},"end":{"line":126,"column":3}}},"12":{"name":"(anonymous_12)","decl":{"start":{"line":128,"column":2},"end":{"line":128,"column":12}},"loc":{"start":{"line":128,"column":61},"end":{"line":144,"column":3}}},"13":{"name":"(anonymous_13)","decl":{"start":{"line":146,"column":2},"end":{"line":146,"column":16}},"loc":{"start":{"line":146,"column":2},"end":{"line":148,"column":3}}},"14":{"name":"(anonymous_14)","decl":{"start":{"line":150,"column":2},"end":{"line":150,"column":13}},"loc":{"start":{"line":150,"column":2},"end":{"line":156,"column":3}}},"15":{"name":"(anonymous_15)","decl":{"start":{"line":158,"column":2},"end":{"line":158,"column":10}},"loc":{"start":{"line":158,"column":2},"end":{"line":162,"column":3}}}},"branchMap":{"0":{"loc":{"start":{"line":39,"column":18},"end":{"line":39,"column":null}},"type":"cond-expr","locations":[{"start":{"line":39,"column":21},"end":{"line":39,"column":38}},{"start":{"line":39,"column":38},"end":{"line":39,"column":null}}]},"1":{"loc":{"start":{"line":40,"column":10},"end":{"line":40,"column":null}},"type":"cond-expr","locations":[{"start":{"line":40,"column":13},"end":{"line":40,"column":25}},{"start":{"line":40,"column":25},"end":{"line":40,"column":null}}]},"2":{"loc":{"start":{"line":41,"column":16},"end":{"line":41,"column":null}},"type":"cond-expr","locations":[{"start":{"line":41,"column":19},"end":{"line":41,"column":33}},{"start":{"line":41,"column":33},"end":{"line":41,"column":null}}]},"3":{"loc":{"start":{"line":42,"column":14},"end":{"line":42,"column":null}},"type":"cond-expr","locations":[{"start":{"line":42,"column":17},"end":{"line":42,"column":33}},{"start":{"line":42,"column":33},"end":{"line":42,"column":null}}]},"4":{"loc":{"start":{"line":43,"column":22},"end":{"line":43,"column":null}},"type":"cond-expr","locations":[{"start":{"line":43,"column":25},"end":{"line":43,"column":29}},{"start":{"line":43,"column":29},"end":{"line":43,"column":null}}]},"5":{"loc":{"start":{"line":44,"column":21},"end":{"line":44,"column":null}},"type":"cond-expr","locations":[{"start":{"line":44,"column":24},"end":{"line":44,"column":26}},{"start":{"line":44,"column":26},"end":{"line":44,"column":null}}]},"6":{"loc":{"start":{"line":45,"column":19},"end":{"line":45,"column":null}},"type":"cond-expr","locations":[{"start":{"line":45,"column":22},"end":{"line":45,"column":35}},{"start":{"line":45,"column":35},"end":{"line":45,"column":null}}]},"7":{"loc":{"start":{"line":46,"column":20},"end":{"line":46,"column":null}},"type":"cond-expr","locations":[{"start":{"line":46,"column":23},"end":{"line":46,"column":27}},{"start":{"line":46,"column":27},"end":{"line":46,"column":null}}]},"8":{"loc":{"start":{"line":60,"column":11},"end":{"line":60,"column":84}},"type":"binary-expr","locations":[{"start":{"line":60,"column":11},"end":{"line":60,"column":68}},{"start":{"line":60,"column":72},"end":{"line":60,"column":84}}]},"9":{"loc":{"start":{"line":60,"column":11},"end":{"line":60,"column":68}},"type":"cond-expr","locations":[{"start":{"line":60,"column":14},"end":{"line":60,"column":16}},{"start":{"line":60,"column":11},"end":{"line":60,"column":68}}]},"10":{"loc":{"start":{"line":60,"column":11},"end":{"line":60,"column":16}},"type":"binary-expr","locations":[{"start":{"line":60,"column":11},"end":{"line":60,"column":16}},{"start":{"line":60,"column":11},"end":{"line":60,"column":16}}]},"11":{"loc":{"start":{"line":64,"column":4},"end":{"line":66,"column":null}},"type":"if","locations":[{"start":{"line":64,"column":4},"end":{"line":66,"column":null}}]},"12":{"loc":{"start":{"line":73,"column":4},"end":{"line":73,"column":32}},"type":"binary-expr","locations":[{"start":{"line":73,"column":4},"end":{"line":73,"column":11}},{"start":{"line":73,"column":15},"end":{"line":73,"column":32}}]},"13":{"loc":{"start":{"line":76,"column":23},"end":{"line":76,"column":null}},"type":"if","locations":[{"start":{"line":76,"column":23},"end":{"line":76,"column":null}}]},"14":{"loc":{"start":{"line":77,"column":21},"end":{"line":77,"column":56}},"type":"cond-expr","locations":[{"start":{"line":77,"column":32},"end":{"line":77,"column":50}},{"start":{"line":77,"column":53},"end":{"line":77,"column":56}}]},"15":{"loc":{"start":{"line":85,"column":4},"end":{"line":87,"column":null}},"type":"if","locations":[{"start":{"line":85,"column":4},"end":{"line":87,"column":null}}]},"16":{"loc":{"start":{"line":89,"column":4},"end":{"line":91,"column":null}},"type":"if","locations":[{"start":{"line":89,"column":4},"end":{"line":91,"column":null}}]},"17":{"loc":{"start":{"line":97,"column":4},"end":{"line":97,"column":60}},"type":"binary-expr","locations":[{"start":{"line":97,"column":4},"end":{"line":97,"column":17}},{"start":{"line":97,"column":21},"end":{"line":97,"column":60}}]},"18":{"loc":{"start":{"line":103,"column":4},"end":{"line":105,"column":null}},"type":"if","locations":[{"start":{"line":103,"column":4},"end":{"line":105,"column":null}}]},"19":{"loc":{"start":{"line":107,"column":4},"end":{"line":111,"column":null}},"type":"if","locations":[{"start":{"line":107,"column":4},"end":{"line":111,"column":null}}]},"20":{"loc":{"start":{"line":107,"column":8},"end":{"line":107,"column":46}},"type":"binary-expr","locations":[{"start":{"line":107,"column":8},"end":{"line":107,"column":27}},{"start":{"line":107,"column":31},"end":{"line":107,"column":46}}]},"21":{"loc":{"start":{"line":109,"column":15},"end":{"line":109,"column":101}},"type":"cond-expr","locations":[{"start":{"line":109,"column":54},"end":{"line":109,"column":79}},{"start":{"line":109,"column":82},"end":{"line":109,"column":101}}]},"22":{"loc":{"start":{"line":116,"column":13},"end":{"line":116,"column":null}},"type":"if","locations":[{"start":{"line":116,"column":13},"end":{"line":116,"column":null}}]},"23":{"loc":{"start":{"line":117,"column":4},"end":{"line":119,"column":null}},"type":"if","locations":[{"start":{"line":117,"column":4},"end":{"line":119,"column":null}}]},"24":{"loc":{"start":{"line":117,"column":8},"end":{"line":117,"column":37}},"type":"binary-expr","locations":[{"start":{"line":117,"column":8},"end":{"line":117,"column":17}},{"start":{"line":117,"column":21},"end":{"line":117,"column":37}}]},"25":{"loc":{"start":{"line":129,"column":4},"end":{"line":131,"column":null}},"type":"if","locations":[{"start":{"line":129,"column":4},"end":{"line":131,"column":null}}]},"26":{"loc":{"start":{"line":133,"column":4},"end":{"line":135,"column":null}},"type":"if","locations":[{"start":{"line":133,"column":4},"end":{"line":135,"column":null}}]},"27":{"loc":{"start":{"line":137,"column":4},"end":{"line":139,"column":null}},"type":"if","locations":[{"start":{"line":137,"column":4},"end":{"line":139,"column":null}}]},"28":{"loc":{"start":{"line":137,"column":8},"end":{"line":137,"column":41}},"type":"binary-expr","locations":[{"start":{"line":137,"column":8},"end":{"line":137,"column":21}},{"start":{"line":137,"column":25},"end":{"line":137,"column":41}}]},"29":{"loc":{"start":{"line":151,"column":4},"end":{"line":153,"column":null}},"type":"if","locations":[{"start":{"line":151,"column":4},"end":{"line":153,"column":null}}]}},"s":{"0":1,"1":1,"2":1,"3":1,"4":264,"5":33,"6":33,"7":33,"8":33,"9":33,"10":33,"11":33,"12":33,"13":33,"14":33,"15":33,"16":33,"17":33,"18":33,"19":33,"20":33,"21":1,"22":3,"23":1,"24":41,"25":1,"26":40,"27":1,"28":22,"29":22,"30":1,"31":9,"32":5,"33":5,"34":5,"35":1,"36":6,"37":1,"38":6,"39":4,"40":6,"41":1,"42":3,"43":3,"44":6,"45":3,"46":1,"47":7,"48":7,"49":1,"50":6,"51":6,"52":39,"53":6,"54":1,"55":18,"56":10,"57":2,"58":8,"59":8,"60":8,"61":1,"62":2,"63":2,"64":2,"65":2,"66":2,"67":1,"68":2,"69":1,"70":2,"71":1,"72":2,"73":2,"74":1,"75":2,"76":1,"77":2,"78":1,"79":1,"80":1,"81":1,"82":1,"83":1},"f":{"0":1,"1":33,"2":3,"3":41,"4":22,"5":5,"6":6,"7":3,"8":6,"9":7,"10":39,"11":10,"12":2,"13":2,"14":2,"15":1},"b":{"0":[32,1],"1":[32,1],"2":[32,1],"3":[2,31],"4":[31,2],"5":[31,2],"6":[32,1],"7":[32,1],"8":[3,1],"9":[1,2],"10":[3,2],"11":[1],"12":[22,7],"13":[4],"14":[4,1],"15":[1],"16":[4],"17":[3,2],"18":[1],"19":[6],"20":[6,6],"21":[2,37],"22":[8],"23":[2],"24":[10,9],"25":[1],"26":[1],"27":[1],"28":[2,1],"29":[1]}}
,"/Users/lucasirvine/projects/csv-builder-downloader/src/CsvBuilder/index.ts": {"path":"/Users/lucasirvine/projects/csv-builder-downloader/src/CsvBuilder/index.ts","statementMap":{"0":{"start":{"line":1,"column":0},"end":{"line":1,"column":38}},"1":{"start":{"line":3,"column":0},"end":{"line":3,"column":26}}},"fnMap":{},"branchMap":{},"s":{"0":1,"1":1},"f":{},"b":{}}
,"/Users/lucasirvine/projects/csv-builder-downloader/src/CsvDownloader/CsvDownloader.ts": {"path":"/Users/lucasirvine/projects/csv-builder-downloader/src/CsvDownloader/CsvDownloader.ts","statementMap":{"0":{"start":{"line":6,"column":0},"end":{"line":6,"column":null}},"1":{"start":{"line":11,"column":4},"end":{"line":11,"column":35}},"2":{"start":{"line":12,"column":4},"end":{"line":12,"column":29}},"3":{"start":{"line":15,"column":2},"end":{"line":17,"column":null}},"4":{"start":{"line":16,"column":4},"end":{"line":16,"column":40}},"5":{"start":{"line":19,"column":2},"end":{"line":25,"column":null}},"6":{"start":{"line":20,"column":4},"end":{"line":22,"column":null}},"7":{"start":{"line":21,"column":6},"end":{"line":21,"column":49}},"8":{"start":{"line":24,"column":4},"end":{"line":24,"column":53}},"9":{"start":{"line":27,"column":2},"end":{"line":52,"column":null}},"10":{"start":{"line":29,"column":16},"end":{"line":29,"column":39}},"11":{"start":{"line":31,"column":4},"end":{"line":35,"column":null}},"12":{"start":{"line":32,"column":6},"end":{"line":32,"column":52}},"13":{"start":{"line":34,"column":6},"end":{"line":34,"column":13}},"14":{"start":{"line":38,"column":24},"end":{"line":38,"column":55}},"15":{"start":{"line":39,"column":21},"end":{"line":39,"column":48}},"16":{"start":{"line":41,"column":4},"end":{"line":41,"column":36}},"17":{"start":{"line":42,"column":4},"end":{"line":42,"column":32}},"18":{"start":{"line":43,"column":4},"end":{"line":43,"column":53}},"19":{"start":{"line":45,"column":4},"end":{"line":47,"column":null}},"20":{"start":{"line":46,"column":6},"end":{"line":46,"column":48}},"21":{"start":{"line":49,"column":4},"end":{"line":49,"column":40}},"22":{"start":{"line":50,"column":4},"end":{"line":50,"column":21}},"23":{"start":{"line":51,"column":4},"end":{"line":51,"column":40}},"24":{"start":{"line":53,"column":0},"end":{"line":53,"column":null}}},"fnMap":{"0":{"name":"(anonymous_0)","decl":{"start":{"line":6,"column":0},"end":{"line":6,"column":null}},"loc":{"start":{"line":6,"column":0},"end":{"line":53,"column":null}}},"1":{"name":"CsvDownloader","decl":{"start":{"line":10,"column":2},"end":{"line":10,"column":14}},"loc":{"start":{"line":10,"column":51},"end":{"line":13,"column":3}}},"2":{"name":"(anonymous_2)","decl":{"start":{"line":15,"column":2},"end":{"line":15,"column":9}},"loc":{"start":{"line":15,"column":2},"end":{"line":17,"column":3}}},"3":{"name":"(anonymous_3)","decl":{"start":{"line":19,"column":2},"end":{"line":19,"column":12}},"loc":{"start":{"line":19,"column":26},"end":{"line":25,"column":3}}},"4":{"name":"(anonymous_4)","decl":{"start":{"line":27,"column":2},"end":{"line":27,"column":10}},"loc":{"start":{"line":27,"column":2},"end":{"line":52,"column":3}}}},"branchMap":{"0":{"loc":{"start":{"line":20,"column":4},"end":{"line":22,"column":null}},"type":"if","locations":[{"start":{"line":20,"column":4},"end":{"line":22,"column":null}}]},"1":{"loc":{"start":{"line":20,"column":8},"end":{"line":20,"column":35}},"type":"cond-expr","locations":[{"start":{"line":20,"column":18},"end":{"line":20,"column":20}},{"start":{"line":20,"column":18},"end":{"line":20,"column":35}}]},"2":{"loc":{"start":{"line":20,"column":8},"end":{"line":20,"column":20}},"type":"binary-expr","locations":[{"start":{"line":20,"column":8},"end":{"line":20,"column":20}},{"start":{"line":20,"column":18},"end":{"line":20,"column":20}}]},"3":{"loc":{"start":{"line":31,"column":4},"end":{"line":35,"column":null}},"type":"if","locations":[{"start":{"line":31,"column":4},"end":{"line":35,"column":null}}]},"4":{"loc":{"start":{"line":45,"column":4},"end":{"line":47,"column":null}},"type":"if","locations":[{"start":{"line":45,"column":4},"end":{"line":47,"column":null}}]}},"s":{"0":2,"1":6,"2":6,"3":2,"4":6,"5":2,"6":4,"7":4,"8":0,"9":2,"10":2,"11":2,"12":1,"13":1,"14":1,"15":1,"16":1,"17":1,"18":1,"19":1,"20":0,"21":1,"22":1,"23":1,"24":2},"f":{"0":2,"1":6,"2":6,"3":4,"4":2},"b":{"0":[4],"1":[0,4],"2":[4,4],"3":[1],"4":[0]}}
,"/Users/lucasirvine/projects/csv-builder-downloader/src/CsvDownloader/index.ts": {"path":"/Users/lucasirvine/projects/csv-builder-downloader/src/CsvDownloader/index.ts","statementMap":{"0":{"start":{"line":1,"column":0},"end":{"line":1,"column":44}},"1":{"start":{"line":3,"column":0},"end":{"line":3,"column":29}}},"fnMap":{},"branchMap":{},"s":{"0":1,"1":1},"f":{},"b":{}}
,"/Users/lucasirvine/projects/csv-builder-downloader/src/constants/index.ts": {"path":"/Users/lucasirvine/projects/csv-builder-downloader/src/constants/index.ts","statementMap":{"0":{"start":{"line":7,"column":13},"end":{"line":7,"column":32}},"1":{"start":{"line":10,"column":13},"end":{"line":10,"column":66}},"2":{"start":{"line":11,"column":13},"end":{"line":11,"column":39}},"3":{"start":{"line":14,"column":13},"end":{"line":14,"column":29}},"4":{"start":{"line":15,"column":13},"end":{"line":15,"column":25}},"5":{"start":{"line":16,"column":13},"end":{"line":16,"column":31}},"6":{"start":{"line":17,"column":13},"end":{"line":17,"column":22}},"7":{"start":{"line":18,"column":13},"end":{"line":18,"column":32}},"8":{"start":{"line":19,"column":13},"end":{"line":19,"column":30}},"9":{"start":{"line":20,"column":13},"end":{"line":20,"column":31}},"10":{"start":{"line":21,"column":13},"end":{"line":21,"column":24}},"11":{"start":{"line":24,"column":13},"end":{"line":24,"column":71}},"12":{"start":{"line":25,"column":13},"end":{"line":25,"column":47}},"13":{"start":{"line":26,"column":13},"end":{"line":26,"column":37}},"14":{"start":{"line":29,"column":13},"end":{"line":29,"column":43}},"15":{"start":{"line":30,"column":13},"end":{"line":30,"column":35}},"16":{"start":{"line":31,"column":13},"end":{"line":31,"column":41}},"17":{"start":{"line":32,"column":13},"end":{"line":32,"column":43}},"18":{"start":{"line":33,"column":13},"end":{"line":33,"column":41}},"19":{"start":{"line":34,"column":13},"end":{"line":34,"column":54}}},"fnMap":{},"branchMap":{},"s":{"0":3,"1":3,"2":3,"3":3,"4":3,"5":3,"6":3,"7":3,"8":3,"9":3,"10":3,"11":3,"12":3,"13":3,"14":3,"15":3,"16":3,"17":3,"18":3,"19":3},"f":{},"b":{}}
,"/Users/lucasirvine/projects/csv-builder-downloader/src/constants/testing.ts": {"path":"/Users/lucasirvine/projects/csv-builder-downloader/src/constants/testing.ts","statementMap":{"0":{"start":{"line":1,"column":0},"end":{"line":1,"column":null}},"1":{"start":{"line":12,"column":13},"end":{"line":14,"column":2}},"2":{"start":{"line":15,"column":13},"end":{"line":15,"column":140}},"3":{"start":{"line":16,"column":13},"end":{"line":16,"column":63}},"4":{"start":{"line":17,"column":13},"end":{"line":17,"column":61}},"5":{"start":{"line":18,"column":13},"end":{"line":18,"column":44}},"6":{"start":{"line":19,"column":13},"end":{"line":19,"column":62}},"7":{"start":{"line":20,"column":13},"end":{"line":20,"column":41}},"8":{"start":{"line":21,"column":13},"end":{"line":21,"column":49}},"9":{"start":{"line":22,"column":13},"end":{"line":22,"column":50}},"10":{"start":{"line":23,"column":13},"end":{"line":23,"column":56}},"11":{"start":{"line":24,"column":13},"end":{"line":24,"column":33}},"12":{"start":{"line":25,"column":13},"end":{"line":25,"column":35}},"13":{"start":{"line":26,"column":13},"end":{"line":26,"column":120}},"14":{"start":{"line":27,"column":13},"end":{"line":27,"column":62}},"15":{"start":{"line":28,"column":13},"end":{"line":28,"column":82}},"16":{"start":{"line":29,"column":13},"end":{"line":29,"column":45}},"17":{"start":{"line":30,"column":29},"end":{"line":30,"column":48}},"18":{"start":{"line":30,"column":35},"end":{"line":30,"column":49}},"19":{"start":{"line":30,"column":13},"end":{"line":30,"column":29}},"20":{"start":{"line":31,"column":13},"end":{"line":31,"column":33}},"21":{"start":{"line":32,"column":13},"end":{"line":32,"column":46}},"22":{"start":{"line":33,"column":13},"end":{"line":42,"column":2}},"23":{"start":{"line":43,"column":13},"end":{"line":52,"column":2}}},"fnMap":{"0":{"name":"(anonymous_0)","decl":{"start":{"line":30,"column":29},"end":{"line":30,"column":35}},"loc":{"start":{"line":30,"column":29},"end":{"line":30,"column":48}}}},"branchMap":{},"s":{"0":3,"1":3,"2":3,"3":3,"4":3,"5":3,"6":3,"7":3,"8":3,"9":3,"10":3,"11":3,"12":3,"13":3,"14":3,"15":3,"16":3,"17":3,"18":0,"19":3,"20":3,"21":3,"22":3,"23":3},"f":{"0":0},"b":{}}
,"/Users/lucasirvine/projects/csv-builder-downloader/src/utils/index.ts": {"path":"/Users/lucasirvine/projects/csv-builder-downloader/src/utils/index.ts","statementMap":{"0":{"start":{"line":3,"column":23},"end":{"line":5,"column":1}},"1":{"start":{"line":4,"column":2},"end":{"line":4,"column":76}},"2":{"start":{"line":3,"column":13},"end":{"line":3,"column":23}},"3":{"start":{"line":7,"column":24},"end":{"line":9,"column":1}},"4":{"start":{"line":8,"column":2},"end":{"line":8,"column":42}},"5":{"start":{"line":7,"column":13},"end":{"line":7,"column":24}},"6":{"start":{"line":11,"column":24},"end":{"line":13,"column":1}},"7":{"start":{"line":12,"column":2},"end":{"line":12,"column":42}},"8":{"start":{"line":11,"column":13},"end":{"line":11,"column":24}},"9":{"start":{"line":15,"column":26},"end":{"line":17,"column":1}},"10":{"start":{"line":16,"column":2},"end":{"line":16,"column":44}},"11":{"start":{"line":15,"column":13},"end":{"line":15,"column":26}},"12":{"start":{"line":19,"column":23},"end":{"line":21,"column":1}},"13":{"start":{"line":20,"column":2},"end":{"line":20,"column":37}},"14":{"start":{"line":19,"column":13},"end":{"line":19,"column":23}},"15":{"start":{"line":23,"column":24},"end":{"line":25,"column":1}},"16":{"start":{"line":24,"column":2},"end":{"line":24,"column":55}},"17":{"start":{"line":23,"column":13},"end":{"line":23,"column":24}},"18":{"start":{"line":27,"column":25},"end":{"line":29,"column":1}},"19":{"start":{"line":28,"column":2},"end":{"line":28,"column":33}},"20":{"start":{"line":27,"column":13},"end":{"line":27,"column":25}}},"fnMap":{"0":{"name":"(anonymous_0)","decl":{"start":{"line":3,"column":23},"end":{"line":3,"column":24}},"loc":{"start":{"line":3,"column":32},"end":{"line":5,"column":1}}},"1":{"name":"(anonymous_1)","decl":{"start":{"line":7,"column":24},"end":{"line":7,"column":25}},"loc":{"start":{"line":7,"column":33},"end":{"line":9,"column":1}}},"2":{"name":"(anonymous_2)","decl":{"start":{"line":11,"column":24},"end":{"line":11,"column":25}},"loc":{"start":{"line":11,"column":33},"end":{"line":13,"column":1}}},"3":{"name":"(anonymous_3)","decl":{"start":{"line":15,"column":26},"end":{"line":15,"column":27}},"loc":{"start":{"line":15,"column":35},"end":{"line":17,"column":1}}},"4":{"name":"(anonymous_4)","decl":{"start":{"line":19,"column":23},"end":{"line":19,"column":24}},"loc":{"start":{"line":19,"column":32},"end":{"line":21,"column":1}}},"5":{"name":"(anonymous_5)","decl":{"start":{"line":23,"column":24},"end":{"line":23,"column":25}},"loc":{"start":{"line":23,"column":33},"end":{"line":25,"column":1}}},"6":{"name":"(anonymous_6)","decl":{"start":{"line":27,"column":25},"end":{"line":27,"column":26}},"loc":{"start":{"line":27,"column":34},"end":{"line":29,"column":1}}}},"branchMap":{"0":{"loc":{"start":{"line":4,"column":9},"end":{"line":4,"column":75}},"type":"binary-expr","locations":[{"start":{"line":4,"column":9},"end":{"line":4,"column":14}},{"start":{"line":4,"column":18},"end":{"line":4,"column":75}}]},"1":{"loc":{"start":{"line":8,"column":9},"end":{"line":8,"column":41}},"type":"binary-expr","locations":[{"start":{"line":8,"column":9},"end":{"line":8,"column":14}},{"start":{"line":8,"column":18},"end":{"line":8,"column":41}}]},"2":{"loc":{"start":{"line":12,"column":9},"end":{"line":12,"column":41}},"type":"binary-expr","locations":[{"start":{"line":12,"column":9},"end":{"line":12,"column":14}},{"start":{"line":12,"column":18},"end":{"line":12,"column":41}}]},"3":{"loc":{"start":{"line":16,"column":9},"end":{"line":16,"column":43}},"type":"binary-expr","locations":[{"start":{"line":16,"column":9},"end":{"line":16,"column":14}},{"start":{"line":16,"column":18},"end":{"line":16,"column":43}}]},"4":{"loc":{"start":{"line":20,"column":9},"end":{"line":20,"column":36}},"type":"binary-expr","locations":[{"start":{"line":20,"column":9},"end":{"line":20,"column":14}},{"start":{"line":20,"column":18},"end":{"line":20,"column":36}}]},"5":{"loc":{"start":{"line":24,"column":9},"end":{"line":24,"column":54}},"type":"binary-expr","locations":[{"start":{"line":24,"column":9},"end":{"line":24,"column":14}},{"start":{"line":24,"column":18},"end":{"line":24,"column":54}}]}},"s":{"0":2,"1":8,"2":2,"3":2,"4":16,"5":2,"6":2,"7":17,"8":2,"9":2,"10":8,"11":2,"12":2,"13":29,"14":2,"15":2,"16":8,"17":2,"18":2,"19":15,"20":2},"f":{"0":8,"1":16,"2":17,"3":8,"4":29,"5":8,"6":15},"b":{"0":[8,7],"1":[16,15],"2":[17,16],"3":[8,7],"4":[29,28],"5":[8,7]}}
}
