{"total": {"lines":{"total":164,"covered":162,"skipped":0,"pct":98.78},"statements":{"total":190,"covered":187,"skipped":0,"pct":98.42},"functions":{"total":30,"covered":29,"skipped":0,"pct":96.66},"branches":{"total":69,"covered":65,"skipped":0,"pct":94.2},"branchesTrue":{"total":0,"covered":0,"skipped":0,"pct":100}}
,"/Users/lucasirvine/projects/csv-builder-downloader/src/CsvBuilder/CsvBuilder.ts": {"lines":{"total":79,"covered":79,"skipped":0,"pct":100},"functions":{"total":17,"covered":17,"skipped":0,"pct":100},"statements":{"total":96,"covered":96,"skipped":0,"pct":100},"branches":{"total":50,"covered":48,"skipped":0,"pct":96}}
,"/Users/lucasirvine/projects/csv-builder-downloader/src/CsvBuilder/index.ts": {"lines":{"total":2,"covered":2,"skipped":0,"pct":100},"functions":{"total":0,"covered":0,"skipped":0,"pct":100},"statements":{"total":2,"covered":2,"skipped":0,"pct":100},"branches":{"total":0,"covered":0,"skipped":0,"pct":100}}
,"/Users/lucasirvine/projects/csv-builder-downloader/src/CsvDownloader/CsvDownloader.ts": {"lines":{"total":25,"covered":23,"skipped":0,"pct":92},"functions":{"total":5,"covered":5,"skipped":0,"pct":100},"statements":{"total":25,"covered":23,"skipped":0,"pct":92},"branches":{"total":7,"covered":5,"skipped":0,"pct":71.42}}
,"/Users/lucasirvine/projects/csv-builder-downloader/src/CsvDownloader/index.ts": {"lines":{"total":2,"covered":2,"skipped":0,"pct":100},"functions":{"total":0,"covered":0,"skipped":0,"pct":100},"statements":{"total":2,"covered":2,"skipped":0,"pct":100},"branches":{"total":0,"covered":0,"skipped":0,"pct":100}}
,"/Users/lucasirvine/projects/csv-builder-downloader/src/constants/index.ts": {"lines":{"total":20,"covered":20,"skipped":0,"pct":100},"functions":{"total":0,"covered":0,"skipped":0,"pct":100},"statements":{"total":20,"covered":20,"skipped":0,"pct":100},"branches":{"total":0,"covered":0,"skipped":0,"pct":100}}
,"/Users/lucasirvine/projects/csv-builder-downloader/src/constants/testing.ts": {"lines":{"total":22,"covered":22,"skipped":0,"pct":100},"functions":{"total":1,"covered":0,"skipped":0,"pct":0},"statements":{"total":24,"covered":23,"skipped":0,"pct":95.83},"branches":{"total":0,"covered":0,"skipped":0,"pct":100}}
,"/Users/lucasirvine/projects/csv-builder-downloader/src/utils/index.ts": {"lines":{"total":14,"covered":14,"skipped":0,"pct":100},"functions":{"total":7,"covered":7,"skipped":0,"pct":100},"statements":{"total":21,"covered":21,"skipped":0,"pct":100},"branches":{"total":12,"covered":12,"skipped":0,"pct":100}}
}
