{"/Users/lucasirvine/projects/csv-builder-downloader/src/CsvBuilder/CsvBuilder.ts": {"path":"/Users/lucasirvine/projects/csv-builder-downloader/src/CsvBuilder/CsvBuilder.ts","statementMap":{"0":{"start":{"line":1,"column":0},"end":{"line":1,"column":45}},"1":{"start":{"line":2,"column":0},"end":{"line":2,"column":null}},"2":{"start":{"line":15,"column":0},"end":{"line":15,"column":55}},"3":{"start":{"line":17,"column":0},"end":{"line":17,"column":null}},"4":{"start":{"line":49,"column":8},"end":{"line":49,"column":19}},"5":{"start":{"line":40,"column":18},"end":{"line":40,"column":null}},"6":{"start":{"line":41,"column":10},"end":{"line":41,"column":null}},"7":{"start":{"line":42,"column":16},"end":{"line":42,"column":null}},"8":{"start":{"line":43,"column":14},"end":{"line":43,"column":null}},"9":{"start":{"line":44,"column":23},"end":{"line":44,"column":null}},"10":{"start":{"line":45,"column":22},"end":{"line":45,"column":null}},"11":{"start":{"line":46,"column":21},"end":{"line":46,"column":null}},"12":{"start":{"line":47,"column":19},"end":{"line":47,"column":null}},"13":{"start":{"line":48,"column":20},"end":{"line":48,"column":null}},"14":{"start":{"line":51,"column":4},"end":{"line":51,"column":37}},"15":{"start":{"line":52,"column":4},"end":{"line":52,"column":21}},"16":{"start":{"line":53,"column":4},"end":{"line":53,"column":33}},"17":{"start":{"line":54,"column":4},"end":{"line":54,"column":29}},"18":{"start":{"line":55,"column":4},"end":{"line":55,"column":47}},"19":{"start":{"line":56,"column":4},"end":{"line":56,"column":45}},"20":{"start":{"line":57,"column":4},"end":{"line":57,"column":43}},"21":{"start":{"line":58,"column":4},"end":{"line":58,"column":39}},"22":{"start":{"line":59,"column":4},"end":{"line":59,"column":41}},"23":{"start":{"line":62,"column":9},"end":{"line":64,"column":null}},"24":{"start":{"line":63,"column":4},"end":{"line":63,"column":85}},"25":{"start":{"line":66,"column":2},"end":{"line":72,"column":null}},"26":{"start":{"line":67,"column":4},"end":{"line":69,"column":null}},"27":{"start":{"line":68,"column":6},"end":{"line":68,"column":53}},"28":{"start":{"line":71,"column":4},"end":{"line":71,"column":68}},"29":{"start":{"line":74,"column":2},"end":{"line":77,"column":null}},"30":{"start":{"line":75,"column":4},"end":{"line":75,"column":21}},"31":{"start":{"line":76,"column":4},"end":{"line":76,"column":33}},"32":{"start":{"line":79,"column":2},"end":{"line":85,"column":null}},"33":{"start":{"line":79,"column":23},"end":{"line":79,"column":null}},"34":{"start":{"line":80,"column":18},"end":{"line":80,"column":66}},"35":{"start":{"line":82,"column":4},"end":{"line":82,"column":29}},"36":{"start":{"line":84,"column":4},"end":{"line":84,"column":16}},"37":{"start":{"line":87,"column":2},"end":{"line":97,"column":null}},"38":{"start":{"line":88,"column":4},"end":{"line":90,"column":null}},"39":{"start":{"line":89,"column":6},"end":{"line":89,"column":45}},"40":{"start":{"line":92,"column":4},"end":{"line":94,"column":null}},"41":{"start":{"line":93,"column":6},"end":{"line":93,"column":62}},"42":{"start":{"line":96,"column":4},"end":{"line":96,"column":16}},"43":{"start":{"line":99,"column":2},"end":{"line":103,"column":null}},"44":{"start":{"line":99,"column":2},"end":{"line":99,"column":9}},"45":{"start":{"line":100,"column":4},"end":{"line":100,"column":61}},"46":{"start":{"line":100,"column":43},"end":{"line":100,"column":60}},"47":{"start":{"line":102,"column":4},"end":{"line":102,"column":16}},"48":{"start":{"line":105,"column":2},"end":{"line":117,"column":null}},"49":{"start":{"line":105,"column":2},"end":{"line":105,"column":13}},"50":{"start":{"line":106,"column":4},"end":{"line":108,"column":null}},"51":{"start":{"line":107,"column":6},"end":{"line":107,"column":13}},"52":{"start":{"line":110,"column":4},"end":{"line":114,"column":null}},"53":{"start":{"line":111,"column":6},"end":{"line":113,"column":9}},"54":{"start":{"line":112,"column":8},"end":{"line":112,"column":102}},"55":{"start":{"line":116,"column":4},"end":{"line":116,"column":50}},"56":{"start":{"line":119,"column":2},"end":{"line":129,"column":null}},"57":{"start":{"line":119,"column":13},"end":{"line":119,"column":null}},"58":{"start":{"line":120,"column":4},"end":{"line":122,"column":null}},"59":{"start":{"line":121,"column":6},"end":{"line":121,"column":18}},"60":{"start":{"line":124,"column":4},"end":{"line":126,"column":null}},"61":{"start":{"line":125,"column":6},"end":{"line":125,"column":34}},"62":{"start":{"line":128,"column":4},"end":{"line":128,"column":16}},"63":{"start":{"line":131,"column":2},"end":{"line":147,"column":null}},"64":{"start":{"line":132,"column":4},"end":{"line":134,"column":null}},"65":{"start":{"line":133,"column":6},"end":{"line":133,"column":25}},"66":{"start":{"line":136,"column":4},"end":{"line":138,"column":null}},"67":{"start":{"line":137,"column":6},"end":{"line":137,"column":33}},"68":{"start":{"line":140,"column":4},"end":{"line":142,"column":null}},"69":{"start":{"line":141,"column":6},"end":{"line":141,"column":25}},"70":{"start":{"line":144,"column":4},"end":{"line":144,"column":30}},"71":{"start":{"line":146,"column":4},"end":{"line":146,"column":16}},"72":{"start":{"line":149,"column":2},"end":{"line":151,"column":null}},"73":{"start":{"line":150,"column":4},"end":{"line":150,"column":57}},"74":{"start":{"line":153,"column":2},"end":{"line":165,"column":null}},"75":{"start":{"line":154,"column":4},"end":{"line":158,"column":null}},"76":{"start":{"line":155,"column":23},"end":{"line":155,"column":56}},"77":{"start":{"line":157,"column":6},"end":{"line":157,"column":66}},"78":{"start":{"line":160,"column":4},"end":{"line":162,"column":null}},"79":{"start":{"line":161,"column":6},"end":{"line":161,"column":74}},"80":{"start":{"line":164,"column":4},"end":{"line":164,"column":48}},"81":{"start":{"line":167,"column":2},"end":{"line":171,"column":null}},"82":{"start":{"line":168,"column":4},"end":{"line":168,"column":80}},"83":{"start":{"line":170,"column":4},"end":{"line":170,"column":16}},"84":{"start":{"line":172,"column":0},"end":{"line":172,"column":null}}},"fnMap":{"0":{"name":"(anonymous_0)","decl":{"start":{"line":17,"column":0},"end":{"line":17,"column":null}},"loc":{"start":{"line":17,"column":0},"end":{"line":172,"column":null}}},"1":{"name":"CsvBuilder","decl":{"start":{"line":28,"column":2},"end":{"line":28,"column":14}},"loc":{"start":{"line":38,"column":3},"end":{"line":60,"column":3}}},"2":{"name":"(anonymous_2)","decl":{"start":{"line":62,"column":2},"end":{"line":62,"column":9}},"loc":{"start":{"line":62,"column":33},"end":{"line":64,"column":3}}},"3":{"name":"(anonymous_3)","decl":{"start":{"line":66,"column":2},"end":{"line":66,"column":10}},"loc":{"start":{"line":66,"column":46},"end":{"line":72,"column":3}}},"4":{"name":"(anonymous_4)","decl":{"start":{"line":74,"column":2},"end":{"line":74,"column":14}},"loc":{"start":{"line":74,"column":48},"end":{"line":77,"column":3}}},"5":{"name":"(anonymous_5)","decl":{"start":{"line":79,"column":2},"end":{"line":79,"column":9}},"loc":{"start":{"line":79,"column":62},"end":{"line":85,"column":3}}},"6":{"name":"(anonymous_6)","decl":{"start":{"line":87,"column":2},"end":{"line":87,"column":8}},"loc":{"start":{"line":87,"column":66},"end":{"line":97,"column":3}}},"7":{"name":"(anonymous_7)","decl":{"start":{"line":99,"column":2},"end":{"line":99,"column":9}},"loc":{"start":{"line":99,"column":32},"end":{"line":103,"column":3}}},"8":{"name":"(anonymous_8)","decl":{"start":{"line":100,"column":34},"end":{"line":100,"column":35}},"loc":{"start":{"line":100,"column":38},"end":{"line":100,"column":47}}},"9":{"name":"(anonymous_9)","decl":{"start":{"line":105,"column":2},"end":{"line":105,"column":13}},"loc":{"start":{"line":105,"column":64},"end":{"line":117,"column":3}}},"10":{"name":"(anonymous_10)","decl":{"start":{"line":111,"column":30},"end":{"line":111,"column":31}},"loc":{"start":{"line":111,"column":57},"end":{"line":113,"column":7}}},"11":{"name":"(anonymous_11)","decl":{"start":{"line":119,"column":2},"end":{"line":119,"column":12}},"loc":{"start":{"line":119,"column":30},"end":{"line":129,"column":3}}},"12":{"name":"(anonymous_12)","decl":{"start":{"line":131,"column":2},"end":{"line":131,"column":12}},"loc":{"start":{"line":131,"column":93},"end":{"line":147,"column":3}}},"13":{"name":"(anonymous_13)","decl":{"start":{"line":149,"column":2},"end":{"line":149,"column":16}},"loc":{"start":{"line":149,"column":2},"end":{"line":151,"column":3}}},"14":{"name":"(anonymous_14)","decl":{"start":{"line":153,"column":2},"end":{"line":153,"column":13}},"loc":{"start":{"line":153,"column":2},"end":{"line":165,"column":3}}},"15":{"name":"(anonymous_15)","decl":{"start":{"line":167,"column":2},"end":{"line":167,"column":10}},"loc":{"start":{"line":167,"column":2},"end":{"line":171,"column":3}}}},"branchMap":{"0":{"loc":{"start":{"line":40,"column":18},"end":{"line":40,"column":null}},"type":"cond-expr","locations":[{"start":{"line":40,"column":21},"end":{"line":40,"column":38}},{"start":{"line":40,"column":38},"end":{"line":40,"column":null}}]},"1":{"loc":{"start":{"line":41,"column":10},"end":{"line":41,"column":null}},"type":"cond-expr","locations":[{"start":{"line":41,"column":13},"end":{"line":41,"column":25}},{"start":{"line":41,"column":25},"end":{"line":41,"column":null}}]},"2":{"loc":{"start":{"line":42,"column":16},"end":{"line":42,"column":null}},"type":"cond-expr","locations":[{"start":{"line":42,"column":19},"end":{"line":42,"column":33}},{"start":{"line":42,"column":33},"end":{"line":42,"column":null}}]},"3":{"loc":{"start":{"line":43,"column":14},"end":{"line":43,"column":null}},"type":"cond-expr","locations":[{"start":{"line":43,"column":17},"end":{"line":43,"column":33}},{"start":{"line":43,"column":33},"end":{"line":43,"column":null}}]},"4":{"loc":{"start":{"line":44,"column":23},"end":{"line":44,"column":null}},"type":"cond-expr","locations":[{"start":{"line":44,"column":26},"end":{"line":44,"column":31}},{"start":{"line":44,"column":31},"end":{"line":44,"column":null}}]},"5":{"loc":{"start":{"line":45,"column":22},"end":{"line":45,"column":null}},"type":"cond-expr","locations":[{"start":{"line":45,"column":25},"end":{"line":45,"column":29}},{"start":{"line":45,"column":29},"end":{"line":45,"column":null}}]},"6":{"loc":{"start":{"line":46,"column":21},"end":{"line":46,"column":null}},"type":"cond-expr","locations":[{"start":{"line":46,"column":24},"end":{"line":46,"column":26}},{"start":{"line":46,"column":26},"end":{"line":46,"column":null}}]},"7":{"loc":{"start":{"line":47,"column":19},"end":{"line":47,"column":null}},"type":"cond-expr","locations":[{"start":{"line":47,"column":22},"end":{"line":47,"column":35}},{"start":{"line":47,"column":35},"end":{"line":47,"column":null}}]},"8":{"loc":{"start":{"line":48,"column":20},"end":{"line":48,"column":null}},"type":"cond-expr","locations":[{"start":{"line":48,"column":23},"end":{"line":48,"column":27}},{"start":{"line":48,"column":27},"end":{"line":48,"column":null}}]},"9":{"loc":{"start":{"line":63,"column":11},"end":{"line":63,"column":84}},"type":"binary-expr","locations":[{"start":{"line":63,"column":11},"end":{"line":63,"column":68}},{"start":{"line":63,"column":72},"end":{"line":63,"column":84}}]},"10":{"loc":{"start":{"line":63,"column":11},"end":{"line":63,"column":68}},"type":"cond-expr","locations":[{"start":{"line":63,"column":14},"end":{"line":63,"column":16}},{"start":{"line":63,"column":11},"end":{"line":63,"column":68}}]},"11":{"loc":{"start":{"line":63,"column":11},"end":{"line":63,"column":16}},"type":"binary-expr","locations":[{"start":{"line":63,"column":11},"end":{"line":63,"column":16}},{"start":{"line":63,"column":11},"end":{"line":63,"column":16}}]},"12":{"loc":{"start":{"line":67,"column":4},"end":{"line":69,"column":null}},"type":"if","locations":[{"start":{"line":67,"column":4},"end":{"line":69,"column":null}}]},"13":{"loc":{"start":{"line":76,"column":4},"end":{"line":76,"column":32}},"type":"binary-expr","locations":[{"start":{"line":76,"column":4},"end":{"line":76,"column":11}},{"start":{"line":76,"column":15},"end":{"line":76,"column":32}}]},"14":{"loc":{"start":{"line":79,"column":23},"end":{"line":79,"column":null}},"type":"if","locations":[{"start":{"line":79,"column":23},"end":{"line":79,"column":null}}]},"15":{"loc":{"start":{"line":80,"column":21},"end":{"line":80,"column":56}},"type":"cond-expr","locations":[{"start":{"line":80,"column":32},"end":{"line":80,"column":50}},{"start":{"line":80,"column":53},"end":{"line":80,"column":56}}]},"16":{"loc":{"start":{"line":88,"column":4},"end":{"line":90,"column":null}},"type":"if","locations":[{"start":{"line":88,"column":4},"end":{"line":90,"column":null}}]},"17":{"loc":{"start":{"line":92,"column":4},"end":{"line":94,"column":null}},"type":"if","locations":[{"start":{"line":92,"column":4},"end":{"line":94,"column":null}}]},"18":{"loc":{"start":{"line":100,"column":4},"end":{"line":100,"column":60}},"type":"binary-expr","locations":[{"start":{"line":100,"column":4},"end":{"line":100,"column":17}},{"start":{"line":100,"column":21},"end":{"line":100,"column":60}}]},"19":{"loc":{"start":{"line":106,"column":4},"end":{"line":108,"column":null}},"type":"if","locations":[{"start":{"line":106,"column":4},"end":{"line":108,"column":null}}]},"20":{"loc":{"start":{"line":110,"column":4},"end":{"line":114,"column":null}},"type":"if","locations":[{"start":{"line":110,"column":4},"end":{"line":114,"column":null}}]},"21":{"loc":{"start":{"line":110,"column":8},"end":{"line":110,"column":46}},"type":"binary-expr","locations":[{"start":{"line":110,"column":8},"end":{"line":110,"column":27}},{"start":{"line":110,"column":31},"end":{"line":110,"column":46}}]},"22":{"loc":{"start":{"line":112,"column":15},"end":{"line":112,"column":101}},"type":"cond-expr","locations":[{"start":{"line":112,"column":54},"end":{"line":112,"column":79}},{"start":{"line":112,"column":82},"end":{"line":112,"column":101}}]},"23":{"loc":{"start":{"line":119,"column":13},"end":{"line":119,"column":null}},"type":"if","locations":[{"start":{"line":119,"column":13},"end":{"line":119,"column":null}}]},"24":{"loc":{"start":{"line":120,"column":4},"end":{"line":122,"column":null}},"type":"if","locations":[{"start":{"line":120,"column":4},"end":{"line":122,"column":null}}]},"25":{"loc":{"start":{"line":120,"column":8},"end":{"line":120,"column":37}},"type":"binary-expr","locations":[{"start":{"line":120,"column":8},"end":{"line":120,"column":17}},{"start":{"line":120,"column":21},"end":{"line":120,"column":37}}]},"26":{"loc":{"start":{"line":132,"column":4},"end":{"line":134,"column":null}},"type":"if","locations":[{"start":{"line":132,"column":4},"end":{"line":134,"column":null}}]},"27":{"loc":{"start":{"line":136,"column":4},"end":{"line":138,"column":null}},"type":"if","locations":[{"start":{"line":136,"column":4},"end":{"line":138,"column":null}}]},"28":{"loc":{"start":{"line":140,"column":4},"end":{"line":142,"column":null}},"type":"if","locations":[{"start":{"line":140,"column":4},"end":{"line":142,"column":null}}]},"29":{"loc":{"start":{"line":140,"column":8},"end":{"line":140,"column":41}},"type":"binary-expr","locations":[{"start":{"line":140,"column":8},"end":{"line":140,"column":21}},{"start":{"line":140,"column":25},"end":{"line":140,"column":41}}]},"30":{"loc":{"start":{"line":154,"column":4},"end":{"line":158,"column":null}},"type":"if","locations":[{"start":{"line":154,"column":4},"end":{"line":158,"column":null}}]},"31":{"loc":{"start":{"line":154,"column":8},"end":{"line":154,"column":78}},"type":"binary-expr","locations":[{"start":{"line":154,"column":8},"end":{"line":154,"column":30}},{"start":{"line":154,"column":34},"end":{"line":154,"column":78}}]},"32":{"loc":{"start":{"line":157,"column":13},"end":{"line":157,"column":65}},"type":"binary-expr","locations":[{"start":{"line":157,"column":14},"end":{"line":157,"column":32}},{"start":{"line":157,"column":36},"end":{"line":157,"column":44}},{"start":{"line":157,"column":49},"end":{"line":157,"column":65}}]},"33":{"loc":{"start":{"line":160,"column":4},"end":{"line":162,"column":null}},"type":"if","locations":[{"start":{"line":160,"column":4},"end":{"line":162,"column":null}}]}},"s":{"0":1,"1":1,"2":1,"3":1,"4":180,"5":20,"6":20,"7":20,"8":20,"9":20,"10":20,"11":20,"12":20,"13":20,"14":20,"15":20,"16":20,"17":20,"18":20,"19":20,"20":20,"21":20,"22":20,"23":1,"24":1,"25":1,"26":40,"27":0,"28":40,"29":1,"30":18,"31":18,"32":1,"33":6,"34":3,"35":3,"36":3,"37":1,"38":6,"39":1,"40":6,"41":4,"42":6,"43":1,"44":3,"45":3,"46":6,"47":3,"48":1,"49":6,"50":6,"51":1,"52":5,"53":5,"54":35,"55":5,"56":1,"57":16,"58":9,"59":2,"60":7,"61":7,"62":7,"63":1,"64":0,"65":0,"66":0,"67":0,"68":0,"69":0,"70":0,"71":0,"72":1,"73":2,"74":1,"75":0,"76":0,"77":0,"78":0,"79":0,"80":0,"81":1,"82":1,"83":1,"84":1},"f":{"0":1,"1":20,"2":1,"3":40,"4":18,"5":3,"6":6,"7":3,"8":6,"9":6,"10":35,"11":9,"12":0,"13":2,"14":0,"15":1},"b":{"0":[20,0],"1":[20,0],"2":[20,0],"3":[0,20],"4":[20,0],"5":[20,0],"6":[20,0],"7":[20,0],"8":[20,0],"9":[1,0],"10":[0,1],"11":[1,1],"12":[0],"13":[18,6],"14":[3],"15":[3,0],"16":[1],"17":[4],"18":[3,2],"19":[1],"20":[5],"21":[5,5],"22":[0,35],"23":[7],"24":[2],"25":[9,8],"26":[0],"27":[0],"28":[0],"29":[0,0],"30":[0],"31":[0,0],"32":[0,0,0],"33":[0]}}
,"/Users/lucasirvine/projects/csv-builder-downloader/src/CsvBuilder/index.ts": {"path":"/Users/lucasirvine/projects/csv-builder-downloader/src/CsvBuilder/index.ts","statementMap":{"0":{"start":{"line":1,"column":0},"end":{"line":1,"column":38}},"1":{"start":{"line":3,"column":0},"end":{"line":3,"column":26}}},"fnMap":{},"branchMap":{},"s":{"0":1,"1":1},"f":{},"b":{}}
,"/Users/lucasirvine/projects/csv-builder-downloader/src/CsvDownloader/CsvDownloader.ts": {"path":"/Users/lucasirvine/projects/csv-builder-downloader/src/CsvDownloader/CsvDownloader.ts","statementMap":{"0":{"start":{"line":1,"column":0},"end":{"line":1,"column":null}},"1":{"start":{"line":6,"column":4},"end":{"line":6,"column":35}},"2":{"start":{"line":7,"column":4},"end":{"line":7,"column":29}},"3":{"start":{"line":10,"column":2},"end":{"line":12,"column":null}},"4":{"start":{"line":11,"column":4},"end":{"line":11,"column":40}},"5":{"start":{"line":14,"column":2},"end":{"line":20,"column":null}},"6":{"start":{"line":15,"column":4},"end":{"line":17,"column":null}},"7":{"start":{"line":16,"column":6},"end":{"line":16,"column":49}},"8":{"start":{"line":19,"column":4},"end":{"line":19,"column":53}},"9":{"start":{"line":22,"column":2},"end":{"line":29,"column":null}},"10":{"start":{"line":23,"column":25},"end":{"line":23,"column":52}},"11":{"start":{"line":25,"column":4},"end":{"line":25,"column":41}},"12":{"start":{"line":26,"column":4},"end":{"line":26,"column":35}},"13":{"start":{"line":27,"column":4},"end":{"line":27,"column":42}},"14":{"start":{"line":28,"column":4},"end":{"line":28,"column":25}},"15":{"start":{"line":31,"column":2},"end":{"line":59,"column":null}},"16":{"start":{"line":32,"column":21},"end":{"line":32,"column":34}},"17":{"start":{"line":33,"column":20},"end":{"line":33,"column":34}},"18":{"start":{"line":36,"column":16},"end":{"line":36,"column":39}},"19":{"start":{"line":38,"column":4},"end":{"line":42,"column":null}},"20":{"start":{"line":39,"column":6},"end":{"line":39,"column":40}},"21":{"start":{"line":41,"column":6},"end":{"line":41,"column":13}},"22":{"start":{"line":45,"column":24},"end":{"line":45,"column":48}},"23":{"start":{"line":46,"column":21},"end":{"line":46,"column":48}},"24":{"start":{"line":48,"column":4},"end":{"line":48,"column":36}},"25":{"start":{"line":49,"column":4},"end":{"line":49,"column":32}},"26":{"start":{"line":50,"column":4},"end":{"line":50,"column":48}},"27":{"start":{"line":52,"column":4},"end":{"line":54,"column":null}},"28":{"start":{"line":53,"column":6},"end":{"line":53,"column":48}},"29":{"start":{"line":56,"column":4},"end":{"line":56,"column":40}},"30":{"start":{"line":57,"column":4},"end":{"line":57,"column":21}},"31":{"start":{"line":58,"column":4},"end":{"line":58,"column":40}},"32":{"start":{"line":60,"column":0},"end":{"line":60,"column":null}}},"fnMap":{"0":{"name":"(anonymous_0)","decl":{"start":{"line":1,"column":0},"end":{"line":1,"column":null}},"loc":{"start":{"line":1,"column":0},"end":{"line":60,"column":null}}},"1":{"name":"CsvDownloader","decl":{"start":{"line":5,"column":2},"end":{"line":5,"column":14}},"loc":{"start":{"line":5,"column":51},"end":{"line":8,"column":3}}},"2":{"name":"(anonymous_2)","decl":{"start":{"line":10,"column":2},"end":{"line":10,"column":9}},"loc":{"start":{"line":10,"column":2},"end":{"line":12,"column":3}}},"3":{"name":"(anonymous_3)","decl":{"start":{"line":14,"column":2},"end":{"line":14,"column":12}},"loc":{"start":{"line":14,"column":26},"end":{"line":20,"column":3}}},"4":{"name":"(anonymous_4)","decl":{"start":{"line":22,"column":2},"end":{"line":22,"column":10}},"loc":{"start":{"line":22,"column":2},"end":{"line":29,"column":3}}},"5":{"name":"(anonymous_5)","decl":{"start":{"line":31,"column":2},"end":{"line":31,"column":14}},"loc":{"start":{"line":31,"column":2},"end":{"line":59,"column":3}}}},"branchMap":{"0":{"loc":{"start":{"line":15,"column":4},"end":{"line":17,"column":null}},"type":"if","locations":[{"start":{"line":15,"column":4},"end":{"line":17,"column":null}}]},"1":{"loc":{"start":{"line":15,"column":8},"end":{"line":15,"column":35}},"type":"cond-expr","locations":[{"start":{"line":15,"column":18},"end":{"line":15,"column":20}},{"start":{"line":15,"column":18},"end":{"line":15,"column":35}}]},"2":{"loc":{"start":{"line":15,"column":8},"end":{"line":15,"column":20}},"type":"binary-expr","locations":[{"start":{"line":15,"column":8},"end":{"line":15,"column":20}},{"start":{"line":15,"column":18},"end":{"line":15,"column":20}}]},"3":{"loc":{"start":{"line":38,"column":4},"end":{"line":42,"column":null}},"type":"if","locations":[{"start":{"line":38,"column":4},"end":{"line":42,"column":null}}]},"4":{"loc":{"start":{"line":52,"column":4},"end":{"line":54,"column":null}},"type":"if","locations":[{"start":{"line":52,"column":4},"end":{"line":54,"column":null}}]}},"s":{"0":1,"1":1,"2":1,"3":1,"4":1,"5":1,"6":1,"7":1,"8":0,"9":1,"10":0,"11":0,"12":0,"13":0,"14":0,"15":1,"16":1,"17":1,"18":1,"19":1,"20":0,"21":0,"22":1,"23":1,"24":1,"25":1,"26":1,"27":1,"28":0,"29":1,"30":1,"31":1,"32":1},"f":{"0":1,"1":1,"2":1,"3":1,"4":0,"5":1},"b":{"0":[1],"1":[0,1],"2":[1,1],"3":[0],"4":[0]}}
,"/Users/lucasirvine/projects/csv-builder-downloader/src/CsvDownloader/index.ts": {"path":"/Users/lucasirvine/projects/csv-builder-downloader/src/CsvDownloader/index.ts","statementMap":{"0":{"start":{"line":1,"column":0},"end":{"line":1,"column":44}},"1":{"start":{"line":3,"column":0},"end":{"line":3,"column":29}}},"fnMap":{},"branchMap":{},"s":{"0":1,"1":1},"f":{},"b":{}}
,"/Users/lucasirvine/projects/csv-builder-downloader/src/constants/index.ts": {"path":"/Users/lucasirvine/projects/csv-builder-downloader/src/constants/index.ts","statementMap":{"0":{"start":{"line":6,"column":13},"end":{"line":6,"column":32}},"1":{"start":{"line":9,"column":13},"end":{"line":9,"column":66}},"2":{"start":{"line":10,"column":13},"end":{"line":10,"column":39}},"3":{"start":{"line":13,"column":13},"end":{"line":13,"column":29}},"4":{"start":{"line":14,"column":13},"end":{"line":14,"column":25}},"5":{"start":{"line":15,"column":13},"end":{"line":15,"column":31}},"6":{"start":{"line":16,"column":13},"end":{"line":16,"column":22}},"7":{"start":{"line":17,"column":13},"end":{"line":17,"column":32}},"8":{"start":{"line":18,"column":13},"end":{"line":18,"column":30}},"9":{"start":{"line":19,"column":13},"end":{"line":19,"column":31}},"10":{"start":{"line":20,"column":13},"end":{"line":20,"column":24}},"11":{"start":{"line":23,"column":13},"end":{"line":23,"column":71}},"12":{"start":{"line":24,"column":13},"end":{"line":24,"column":47}},"13":{"start":{"line":25,"column":13},"end":{"line":25,"column":37}},"14":{"start":{"line":28,"column":13},"end":{"line":28,"column":43}},"15":{"start":{"line":29,"column":13},"end":{"line":29,"column":35}},"16":{"start":{"line":30,"column":13},"end":{"line":30,"column":41}},"17":{"start":{"line":31,"column":13},"end":{"line":31,"column":43}},"18":{"start":{"line":32,"column":13},"end":{"line":32,"column":41}},"19":{"start":{"line":33,"column":13},"end":{"line":33,"column":54}},"20":{"start":{"line":36,"column":13},"end":{"line":38,"column":2}}},"fnMap":{},"branchMap":{},"s":{"0":1,"1":1,"2":1,"3":1,"4":1,"5":1,"6":1,"7":1,"8":1,"9":1,"10":1,"11":1,"12":1,"13":1,"14":1,"15":1,"16":1,"17":1,"18":1,"19":1,"20":1},"f":{},"b":{}}
,"/Users/lucasirvine/projects/csv-builder-downloader/src/utils/index.ts": {"path":"/Users/lucasirvine/projects/csv-builder-downloader/src/utils/index.ts","statementMap":{"0":{"start":{"line":3,"column":23},"end":{"line":5,"column":1}},"1":{"start":{"line":4,"column":2},"end":{"line":4,"column":74}},"2":{"start":{"line":3,"column":13},"end":{"line":3,"column":23}},"3":{"start":{"line":7,"column":24},"end":{"line":9,"column":1}},"4":{"start":{"line":8,"column":2},"end":{"line":8,"column":40}},"5":{"start":{"line":7,"column":13},"end":{"line":7,"column":24}},"6":{"start":{"line":11,"column":24},"end":{"line":13,"column":1}},"7":{"start":{"line":12,"column":2},"end":{"line":12,"column":40}},"8":{"start":{"line":11,"column":13},"end":{"line":11,"column":24}},"9":{"start":{"line":15,"column":26},"end":{"line":17,"column":1}},"10":{"start":{"line":16,"column":2},"end":{"line":16,"column":42}},"11":{"start":{"line":15,"column":13},"end":{"line":15,"column":26}},"12":{"start":{"line":19,"column":23},"end":{"line":21,"column":1}},"13":{"start":{"line":20,"column":2},"end":{"line":20,"column":35}},"14":{"start":{"line":19,"column":13},"end":{"line":19,"column":23}},"15":{"start":{"line":23,"column":24},"end":{"line":25,"column":1}},"16":{"start":{"line":24,"column":2},"end":{"line":24,"column":72}},"17":{"start":{"line":23,"column":13},"end":{"line":23,"column":24}},"18":{"start":{"line":27,"column":25},"end":{"line":29,"column":1}},"19":{"start":{"line":28,"column":2},"end":{"line":28,"column":33}},"20":{"start":{"line":27,"column":13},"end":{"line":27,"column":25}}},"fnMap":{"0":{"name":"(anonymous_0)","decl":{"start":{"line":3,"column":23},"end":{"line":3,"column":24}},"loc":{"start":{"line":3,"column":32},"end":{"line":5,"column":1}}},"1":{"name":"(anonymous_1)","decl":{"start":{"line":7,"column":24},"end":{"line":7,"column":25}},"loc":{"start":{"line":7,"column":33},"end":{"line":9,"column":1}}},"2":{"name":"(anonymous_2)","decl":{"start":{"line":11,"column":24},"end":{"line":11,"column":25}},"loc":{"start":{"line":11,"column":33},"end":{"line":13,"column":1}}},"3":{"name":"(anonymous_3)","decl":{"start":{"line":15,"column":26},"end":{"line":15,"column":27}},"loc":{"start":{"line":15,"column":35},"end":{"line":17,"column":1}}},"4":{"name":"(anonymous_4)","decl":{"start":{"line":19,"column":23},"end":{"line":19,"column":24}},"loc":{"start":{"line":19,"column":32},"end":{"line":21,"column":1}}},"5":{"name":"(anonymous_5)","decl":{"start":{"line":23,"column":24},"end":{"line":23,"column":25}},"loc":{"start":{"line":23,"column":33},"end":{"line":25,"column":1}}},"6":{"name":"(anonymous_6)","decl":{"start":{"line":27,"column":25},"end":{"line":27,"column":26}},"loc":{"start":{"line":27,"column":34},"end":{"line":29,"column":1}}}},"branchMap":{"0":{"loc":{"start":{"line":4,"column":9},"end":{"line":4,"column":73}},"type":"binary-expr","locations":[{"start":{"line":4,"column":9},"end":{"line":4,"column":12}},{"start":{"line":4,"column":16},"end":{"line":4,"column":73}}]},"1":{"loc":{"start":{"line":8,"column":9},"end":{"line":8,"column":39}},"type":"binary-expr","locations":[{"start":{"line":8,"column":9},"end":{"line":8,"column":12}},{"start":{"line":8,"column":16},"end":{"line":8,"column":39}}]},"2":{"loc":{"start":{"line":12,"column":9},"end":{"line":12,"column":39}},"type":"binary-expr","locations":[{"start":{"line":12,"column":9},"end":{"line":12,"column":12}},{"start":{"line":12,"column":16},"end":{"line":12,"column":39}}]},"3":{"loc":{"start":{"line":16,"column":9},"end":{"line":16,"column":41}},"type":"binary-expr","locations":[{"start":{"line":16,"column":9},"end":{"line":16,"column":12}},{"start":{"line":16,"column":16},"end":{"line":16,"column":41}}]},"4":{"loc":{"start":{"line":20,"column":9},"end":{"line":20,"column":34}},"type":"binary-expr","locations":[{"start":{"line":20,"column":9},"end":{"line":20,"column":12}},{"start":{"line":20,"column":16},"end":{"line":20,"column":34}}]},"5":{"loc":{"start":{"line":24,"column":9},"end":{"line":24,"column":71}},"type":"binary-expr","locations":[{"start":{"line":24,"column":9},"end":{"line":24,"column":32}},{"start":{"line":24,"column":36},"end":{"line":24,"column":55}},{"start":{"line":24,"column":59},"end":{"line":24,"column":71}}]}},"s":{"0":1,"1":0,"2":1,"3":1,"4":6,"5":1,"6":1,"7":8,"8":1,"9":1,"10":0,"11":1,"12":1,"13":15,"14":1,"15":1,"16":0,"17":1,"18":1,"19":0,"20":1},"f":{"0":0,"1":6,"2":8,"3":0,"4":15,"5":0,"6":0},"b":{"0":[0,0],"1":[6,6],"2":[8,8],"3":[0,0],"4":[15,15],"5":[0,0,0]}}
}
