TN:
SF:src/CsvBuilder/CsvBuilder.ts
FN:17,(anonymous_0)
FN:28,CsvBuilder
FN:62,(anonymous_2)
FN:66,(anonymous_3)
FN:74,(anonymous_4)
FN:79,(anonymous_5)
FN:87,(anonymous_6)
FN:99,(anonymous_7)
FN:100,(anonymous_8)
FN:105,(anonymous_9)
FN:111,(anonymous_10)
FN:119,(anonymous_11)
FN:131,(anonymous_12)
FN:149,(anonymous_13)
FN:153,(anonymous_14)
FN:167,(anonymous_15)
FNF:16
FNH:14
FNDA:1,(anonymous_0)
FNDA:20,CsvBuilder
FNDA:1,(anonymous_2)
FNDA:40,(anonymous_3)
FNDA:18,(anonymous_4)
FNDA:3,(anonymous_5)
FNDA:6,(anonymous_6)
FNDA:3,(anonymous_7)
FNDA:6,(anonymous_8)
FNDA:6,(anonymous_9)
FNDA:35,(anonymous_10)
FNDA:9,(anonymous_11)
FNDA:0,(anonymous_12)
FNDA:2,(anonymous_13)
FNDA:0,(anonymous_14)
FNDA:1,(anonymous_15)
DA:1,1
DA:2,1
DA:15,1
DA:17,1
DA:40,20
DA:41,20
DA:42,20
DA:43,20
DA:44,20
DA:45,20
DA:46,20
DA:47,20
DA:48,20
DA:49,180
DA:51,20
DA:52,20
DA:53,20
DA:54,20
DA:55,20
DA:56,20
DA:57,20
DA:58,20
DA:59,20
DA:62,1
DA:63,1
DA:66,1
DA:67,40
DA:68,0
DA:71,40
DA:74,1
DA:75,18
DA:76,18
DA:79,6
DA:80,3
DA:82,3
DA:84,3
DA:87,1
DA:88,6
DA:89,1
DA:92,6
DA:93,4
DA:96,6
DA:99,3
DA:100,6
DA:102,3
DA:105,6
DA:106,6
DA:107,1
DA:110,5
DA:111,5
DA:112,35
DA:116,5
DA:119,16
DA:120,9
DA:121,2
DA:124,7
DA:125,7
DA:128,7
DA:131,1
DA:132,0
DA:133,0
DA:136,0
DA:137,0
DA:140,0
DA:141,0
DA:144,0
DA:146,0
DA:149,1
DA:150,2
DA:153,1
DA:154,0
DA:155,0
DA:157,0
DA:160,0
DA:161,0
DA:164,0
DA:167,1
DA:168,1
DA:170,1
DA:172,1
LF:80
LH:65
BRDA:40,0,0,20
BRDA:40,0,1,0
BRDA:41,1,0,20
BRDA:41,1,1,0
BRDA:42,2,0,20
BRDA:42,2,1,0
BRDA:43,3,0,0
BRDA:43,3,1,20
BRDA:44,4,0,20
BRDA:44,4,1,0
BRDA:45,5,0,20
BRDA:45,5,1,0
BRDA:46,6,0,20
BRDA:46,6,1,0
BRDA:47,7,0,20
BRDA:47,7,1,0
BRDA:48,8,0,20
BRDA:48,8,1,0
BRDA:63,9,0,1
BRDA:63,9,1,0
BRDA:63,10,0,0
BRDA:63,10,1,1
BRDA:63,11,0,1
BRDA:63,11,1,1
BRDA:67,12,0,0
BRDA:76,13,0,18
BRDA:76,13,1,6
BRDA:79,14,0,3
BRDA:80,15,0,3
BRDA:80,15,1,0
BRDA:88,16,0,1
BRDA:92,17,0,4
BRDA:100,18,0,3
BRDA:100,18,1,2
BRDA:106,19,0,1
BRDA:110,20,0,5
BRDA:110,21,0,5
BRDA:110,21,1,5
BRDA:112,22,0,0
BRDA:112,22,1,35
BRDA:119,23,0,7
BRDA:120,24,0,2
BRDA:120,25,0,9
BRDA:120,25,1,8
BRDA:132,26,0,0
BRDA:136,27,0,0
BRDA:140,28,0,0
BRDA:140,29,0,0
BRDA:140,29,1,0
BRDA:154,30,0,0
BRDA:154,31,0,0
BRDA:154,31,1,0
BRDA:157,32,0,0
BRDA:157,32,1,0
BRDA:157,32,2,0
BRDA:160,33,0,0
BRF:56
BRH:30
end_of_record
TN:
SF:src/CsvBuilder/index.ts
FNF:0
FNH:0
DA:1,1
DA:3,1
LF:2
LH:2
BRF:0
BRH:0
end_of_record
TN:
SF:src/CsvDownloader/CsvDownloader.ts
FN:1,(anonymous_0)
FN:5,CsvDownloader
FN:10,(anonymous_2)
FN:14,(anonymous_3)
FN:22,(anonymous_4)
FN:31,(anonymous_5)
FNF:6
FNH:5
FNDA:1,(anonymous_0)
FNDA:1,CsvDownloader
FNDA:1,(anonymous_2)
FNDA:1,(anonymous_3)
FNDA:0,(anonymous_4)
FNDA:1,(anonymous_5)
DA:1,1
DA:6,1
DA:7,1
DA:10,1
DA:11,1
DA:14,1
DA:15,1
DA:16,1
DA:19,0
DA:22,1
DA:23,0
DA:25,0
DA:26,0
DA:27,0
DA:28,0
DA:31,1
DA:32,1
DA:33,1
DA:36,1
DA:38,1
DA:39,0
DA:41,0
DA:45,1
DA:46,1
DA:48,1
DA:49,1
DA:50,1
DA:52,1
DA:53,0
DA:56,1
DA:57,1
DA:58,1
DA:60,1
LF:33
LH:24
BRDA:15,0,0,1
BRDA:15,1,0,0
BRDA:15,1,1,1
BRDA:15,2,0,1
BRDA:15,2,1,1
BRDA:38,3,0,0
BRDA:52,4,0,0
BRF:7
BRH:4
end_of_record
TN:
SF:src/CsvDownloader/index.ts
FNF:0
FNH:0
DA:1,1
DA:3,1
LF:2
LH:2
BRF:0
BRH:0
end_of_record
TN:
SF:src/constants/index.ts
FNF:0
FNH:0
DA:6,2
DA:9,2
DA:10,2
DA:13,2
DA:14,2
DA:15,2
DA:16,2
DA:17,2
DA:18,2
DA:19,2
DA:20,2
DA:23,2
DA:24,2
DA:25,2
DA:28,2
DA:29,2
DA:30,2
DA:31,2
DA:32,2
DA:33,2
DA:36,2
LF:21
LH:21
BRF:0
BRH:0
end_of_record
TN:
SF:src/constants/testingMocks.ts
FN:17,(anonymous_0)
FNF:1
FNH:0
FNDA:0,(anonymous_0)
DA:1,2
DA:4,2
DA:5,2
DA:6,2
DA:7,2
DA:8,2
DA:9,2
DA:10,2
DA:11,2
DA:12,2
DA:13,2
DA:14,2
DA:15,2
DA:16,2
DA:17,2
DA:18,2
DA:19,2
LF:17
LH:17
BRF:0
BRH:0
end_of_record
TN:
SF:src/utils/index.ts
FN:3,(anonymous_0)
FN:7,(anonymous_1)
FN:11,(anonymous_2)
FN:15,(anonymous_3)
FN:19,(anonymous_4)
FN:23,(anonymous_5)
FN:27,(anonymous_6)
FNF:7
FNH:7
FNDA:8,(anonymous_0)
FNDA:14,(anonymous_1)
FNDA:16,(anonymous_2)
FNDA:8,(anonymous_3)
FNDA:23,(anonymous_4)
FNDA:8,(anonymous_5)
FNDA:8,(anonymous_6)
DA:3,2
DA:4,8
DA:7,2
DA:8,14
DA:11,2
DA:12,16
DA:15,2
DA:16,8
DA:19,2
DA:20,23
DA:23,2
DA:24,8
DA:27,2
DA:28,8
LF:14
LH:14
BRDA:4,0,0,8
BRDA:4,0,1,7
BRDA:8,1,0,14
BRDA:8,1,1,13
BRDA:12,2,0,16
BRDA:12,2,1,15
BRDA:16,3,0,8
BRDA:16,3,1,7
BRDA:20,4,0,23
BRDA:20,4,1,22
BRDA:24,5,0,8
BRDA:24,5,1,7
BRDA:28,6,0,8
BRDA:28,6,1,7
BRF:14
BRH:14
end_of_record
