TN:
SF:src/CsvBuilder/CsvBuilder.ts
FN:18,(anonymous_0)
FN:28,CsvBuilder
FN:59,(anonymous_2)
FN:63,(anonymous_3)
FN:71,(anonymous_4)
FN:76,(anonymous_5)
FN:84,(anonymous_6)
FN:96,(anonymous_7)
FN:97,(anonymous_8)
FN:102,(anonymous_9)
FN:108,(anonymous_10)
FN:116,(anonymous_11)
FN:128,(anonymous_12)
FN:146,(anonymous_13)
FN:150,(anonymous_14)
FN:158,(anonymous_15)
FNF:16
FNH:16
FNDA:1,(anonymous_0)
FNDA:33,CsvBuilder
FNDA:3,(anonymous_2)
FNDA:41,(anonymous_3)
FNDA:22,(anonymous_4)
FNDA:5,(anonymous_5)
FNDA:6,(anonymous_6)
FNDA:3,(anonymous_7)
FNDA:6,(anonymous_8)
FNDA:7,(anonymous_9)
FNDA:39,(anonymous_10)
FNDA:10,(anonymous_11)
FNDA:2,(anonymous_12)
FNDA:2,(anonymous_13)
FNDA:2,(anonymous_14)
FNDA:1,(anonymous_15)
DA:1,1
DA:2,1
DA:16,1
DA:18,1
DA:39,33
DA:40,33
DA:41,33
DA:42,33
DA:43,33
DA:44,33
DA:45,33
DA:46,33
DA:47,264
DA:49,33
DA:50,33
DA:51,33
DA:52,33
DA:53,33
DA:54,33
DA:55,33
DA:56,33
DA:59,1
DA:60,3
DA:63,1
DA:64,41
DA:65,1
DA:68,40
DA:71,1
DA:72,22
DA:73,22
DA:76,9
DA:77,5
DA:79,5
DA:81,5
DA:84,1
DA:85,6
DA:86,1
DA:89,6
DA:90,4
DA:93,6
DA:96,3
DA:97,6
DA:99,3
DA:102,7
DA:103,7
DA:104,1
DA:107,6
DA:108,6
DA:109,39
DA:113,6
DA:116,18
DA:117,10
DA:118,2
DA:121,8
DA:122,8
DA:125,8
DA:128,2
DA:129,2
DA:130,1
DA:133,2
DA:134,1
DA:137,2
DA:138,1
DA:141,2
DA:143,2
DA:146,1
DA:147,2
DA:150,1
DA:151,2
DA:152,1
DA:155,1
DA:158,1
DA:159,1
DA:161,1
DA:163,1
LF:75
LH:75
BRDA:39,0,0,32
BRDA:39,0,1,1
BRDA:40,1,0,32
BRDA:40,1,1,1
BRDA:41,2,0,32
BRDA:41,2,1,1
BRDA:42,3,0,2
BRDA:42,3,1,31
BRDA:43,4,0,31
BRDA:43,4,1,2
BRDA:44,5,0,31
BRDA:44,5,1,2
BRDA:45,6,0,32
BRDA:45,6,1,1
BRDA:46,7,0,32
BRDA:46,7,1,1
BRDA:60,8,0,3
BRDA:60,8,1,1
BRDA:60,9,0,1
BRDA:60,9,1,2
BRDA:60,10,0,3
BRDA:60,10,1,2
BRDA:64,11,0,1
BRDA:73,12,0,22
BRDA:73,12,1,7
BRDA:76,13,0,4
BRDA:77,14,0,4
BRDA:77,14,1,1
BRDA:85,15,0,1
BRDA:89,16,0,4
BRDA:97,17,0,3
BRDA:97,17,1,2
BRDA:103,18,0,1
BRDA:107,19,0,6
BRDA:107,20,0,6
BRDA:107,20,1,6
BRDA:109,21,0,2
BRDA:109,21,1,37
BRDA:116,22,0,8
BRDA:117,23,0,2
BRDA:117,24,0,10
BRDA:117,24,1,9
BRDA:129,25,0,1
BRDA:133,26,0,1
BRDA:137,27,0,1
BRDA:137,28,0,2
BRDA:137,28,1,1
BRDA:151,29,0,1
BRF:48
BRH:48
end_of_record
TN:
SF:src/CsvBuilder/index.ts
FNF:0
FNH:0
DA:1,1
DA:3,1
LF:2
LH:2
BRF:0
BRH:0
end_of_record
TN:
SF:src/CsvDownloader/CsvDownloader.ts
FN:6,(anonymous_0)
FN:10,CsvDownloader
FN:15,(anonymous_2)
FN:19,(anonymous_3)
FN:27,(anonymous_4)
FNF:5
FNH:5
FNDA:2,(anonymous_0)
FNDA:6,CsvDownloader
FNDA:6,(anonymous_2)
FNDA:4,(anonymous_3)
FNDA:2,(anonymous_4)
DA:6,2
DA:11,6
DA:12,6
DA:15,2
DA:16,6
DA:19,2
DA:20,4
DA:21,4
DA:24,0
DA:27,2
DA:29,2
DA:31,2
DA:32,1
DA:34,1
DA:38,1
DA:39,1
DA:41,1
DA:42,1
DA:43,1
DA:45,1
DA:46,0
DA:49,1
DA:50,1
DA:51,1
DA:53,2
LF:25
LH:23
BRDA:20,0,0,4
BRDA:20,1,0,0
BRDA:20,1,1,4
BRDA:20,2,0,4
BRDA:20,2,1,4
BRDA:31,3,0,1
BRDA:45,4,0,0
BRF:7
BRH:5
end_of_record
TN:
SF:src/CsvDownloader/index.ts
FNF:0
FNH:0
DA:1,1
DA:3,1
LF:2
LH:2
BRF:0
BRH:0
end_of_record
TN:
SF:src/constants/index.ts
FNF:0
FNH:0
DA:7,3
DA:10,3
DA:11,3
DA:14,3
DA:15,3
DA:16,3
DA:17,3
DA:18,3
DA:19,3
DA:20,3
DA:21,3
DA:24,3
DA:25,3
DA:26,3
DA:29,3
DA:30,3
DA:31,3
DA:32,3
DA:33,3
DA:34,3
LF:20
LH:20
BRF:0
BRH:0
end_of_record
TN:
SF:src/constants/testing.ts
FN:30,(anonymous_0)
FNF:1
FNH:0
FNDA:0,(anonymous_0)
DA:1,3
DA:12,3
DA:15,3
DA:16,3
DA:17,3
DA:18,3
DA:19,3
DA:20,3
DA:21,3
DA:22,3
DA:23,3
DA:24,3
DA:25,3
DA:26,3
DA:27,3
DA:28,3
DA:29,3
DA:30,3
DA:31,3
DA:32,3
DA:33,3
DA:43,3
LF:22
LH:22
BRF:0
BRH:0
end_of_record
TN:
SF:src/utils/index.ts
FN:3,(anonymous_0)
FN:7,(anonymous_1)
FN:11,(anonymous_2)
FN:15,(anonymous_3)
FN:19,(anonymous_4)
FN:23,(anonymous_5)
FN:27,(anonymous_6)
FNF:7
FNH:7
FNDA:8,(anonymous_0)
FNDA:16,(anonymous_1)
FNDA:17,(anonymous_2)
FNDA:8,(anonymous_3)
FNDA:29,(anonymous_4)
FNDA:8,(anonymous_5)
FNDA:15,(anonymous_6)
DA:3,2
DA:4,8
DA:7,2
DA:8,16
DA:11,2
DA:12,17
DA:15,2
DA:16,8
DA:19,2
DA:20,29
DA:23,2
DA:24,8
DA:27,2
DA:28,15
LF:14
LH:14
BRDA:4,0,0,8
BRDA:4,0,1,7
BRDA:8,1,0,16
BRDA:8,1,1,15
BRDA:12,2,0,17
BRDA:12,2,1,16
BRDA:16,3,0,8
BRDA:16,3,1,7
BRDA:20,4,0,29
BRDA:20,4,1,28
BRDA:24,5,0,8
BRDA:24,5,1,7
BRF:12
BRH:12
end_of_record
